<?xml version="1.0" encoding="UTF-8"?>
<!-- Generated by org.testng.reporters.JUnitXMLReporter -->
<testsuite hostname="PC-PC" ignored="0" name="Default test" tests="3" failures="0" timestamp="04 Apr 2020 21:10:16 GMT" time="14.318" errors="0">
  <testcase name="linksVerification" time="3.614" classname="tests.PetStoreMenuPageTest"/>
  <testcase name="categoryVerification" time="5.381" classname="tests.PetStoreMenuPageTest"/>
  <testcase name="singInButtonTest" time="0.359" classname="tests.PetStoreMenuPageTest"/>
</testsuite> <!-- Default test -->
