<?xml version="1.0" encoding="UTF-8"?>
<!-- Generated by org.testng.reporters.JUnitXMLReporter -->
<testsuite hostname="PC-PC" ignored="0" name="Regression" tests="3" failures="0" timestamp="04 Apr 2020 13:20:10 GMT" time="401.517" errors="0">
  <testcase name="EnterPageTest" time="2.49" classname="tests.HomePageTest"/>
  <testcase name="RegistrationTest" time="185.188" classname="tests.RegistrationPageTest"/>
  <testcase name="SingInTest" time="168.53" classname="tests.SingInPageTest"/>
</testsuite> <!-- Regression -->
