<?xml version="1.0" encoding="UTF-8"?>
<!-- Generated by org.testng.reporters.JUnitXMLReporter -->
<testsuite hostname="PC-PC" ignored="0" name="Test" tests="8" failures="0" timestamp="04 Apr 2020 21:47:31 GMT" time="773.836" errors="0">
  <testcase name="EnterPageTest" time="0.915" classname="tests.HomePageTest"/>
  <testcase name="categoryVerification" time="71.917" classname="tests.PetStoreMenuPageTest"/>
  <testcase name="linksVerification" time="3.283" classname="tests.PetStoreMenuPageTest"/>
  <testcase name="singInButtonTest" time="5.477" classname="tests.PetStoreMenuPageTest"/>
  <testcase name="RegistrationTest" time="407.93" classname="tests.RegistrationPageTest"/>
  <testcase name="SingInTest" time="244.755" classname="tests.SingInPageTest"/>
  <testcase name="addItemsTest" time="6.94" classname="tests.CartPageTest"/>
  <testcase name="deleteCookies" time="0.324" classname="tests.CartPageTest"/>
</testsuite> <!-- Test -->
